<?xml version="1.0" encoding="UTF-8"?>
<!-- Generated by org.testng.reporters.JUnitReportReporter -->
<testsuite skipped="0" hostname="JHANSI-PC" name="convertion.ConvertTest" tests="1" failures="0" timestamp="19 May 2019 12:58:11 GMT" time="0.359" errors="0">
  <testcase name="Convert" time="0.359" classname="convertion.ConvertTest"/>
</testsuite> <!-- convertion.ConvertTest -->
